[debug] [2020-10-10T11:31:56.435Z] ----------------------------------------------------------------------
[debug] [2020-10-10T11:31:56.455Z] Command:       /usr/local/bin/node /usr/local/bin/firebase emulators:start
[debug] [2020-10-10T11:31:56.468Z] CLI Version:   8.10.0
[debug] [2020-10-10T11:31:56.468Z] Platform:      linux
[debug] [2020-10-10T11:31:56.469Z] Node Version:  v12.18.3
[debug] [2020-10-10T11:31:56.470Z] Time:          Sat Oct 10 2020 12:31:56 GMT+0100 (British Summer Time)
[debug] [2020-10-10T11:31:56.474Z] ----------------------------------------------------------------------
[debug] [2020-10-10T11:31:56.475Z] 
[debug] [2020-10-10T11:31:56.617Z] > command requires scopes: ["email","openid","https://www.googleapis.com/auth/cloudplatformprojects.readonly","https://www.googleapis.com/auth/firebase","https://www.googleapis.com/auth/cloud-platform"]
[debug] [2020-10-10T11:31:56.620Z] > authorizing via signed-in user
[info] i  emulators: Starting emulators: functions, hosting {"metadata":{"emulator":{"name":"hub"},"message":"Starting emulators: functions, hosting"}}
[debug] [2020-10-10T11:31:56.771Z] [hub] writing locator at /tmp/hub-clone-79c84.json
[warn] ⚠  functions: The following emulators are not running, calls to these services from the Functions emulator will affect production: firestore, database, pubsub {"metadata":{"emulator":{"name":"functions"},"message":"The following emulators are not running, calls to these services from the Functions emulator will affect production: \u001b[1mfirestore, database, pubsub\u001b[22m"}}
[warn] ⚠  Your requested "node" version "10" doesn't match your global version "12" {"metadata":{"emulator":{"name":"functions"},"message":"Your requested \"node\" version \"10\" doesn't match your global version \"12\""}}
[debug] [2020-10-10T11:31:56.899Z] defaultcredentials: writing to file /home/ben/.config/firebase/bsilveston37_gmail_com_application_default_credentials.json
[debug] [2020-10-10T11:31:56.957Z] Setting GAC to /home/ben/.config/firebase/bsilveston37_gmail_com_application_default_credentials.json {"metadata":{"emulator":{"name":"functions"},"message":"Setting GAC to /home/ben/.config/firebase/bsilveston37_gmail_com_application_default_credentials.json"}}
[debug] [2020-10-10T11:31:57.036Z] > refreshing access token with scopes: ["email","https://www.googleapis.com/auth/cloud-platform","https://www.googleapis.com/auth/cloudplatformprojects.readonly","https://www.googleapis.com/auth/firebase","openid"]
[debug] [2020-10-10T11:31:57.041Z] >>> HTTP REQUEST POST https://www.googleapis.com/oauth2/v3/token  
 <request body omitted>
[debug] [2020-10-10T11:31:57.171Z] <<< HTTP RESPONSE 200 {"date":"Sat, 10 Oct 2020 11:31:57 GMT","pragma":"no-cache","cache-control":"no-cache, no-store, max-age=0, must-revalidate","expires":"Mon, 01 Jan 1990 00:00:00 GMT","content-type":"application/json; charset=utf-8","vary":"X-Origin, Referer, Origin,Accept-Encoding","server":"scaffolding on HTTPServer2","x-xss-protection":"0","x-frame-options":"SAMEORIGIN","x-content-type-options":"nosniff","alt-svc":"h3-Q050=\":443\"; ma=2592000,h3-29=\":443\"; ma=2592000,h3-27=\":443\"; ma=2592000,h3-T051=\":443\"; ma=2592000,h3-T050=\":443\"; ma=2592000,h3-Q046=\":443\"; ma=2592000,h3-Q043=\":443\"; ma=2592000,quic=\":443\"; ma=2592000; v=\"46,43\"","accept-ranges":"none","transfer-encoding":"chunked"}
[debug] [2020-10-10T11:31:57.229Z] >>> HTTP REQUEST GET https://firebase.googleapis.com/v1beta1/projects/clone-79c84/webApps/-/config  
 
[debug] [2020-10-10T11:31:58.114Z] <<< HTTP RESPONSE 200 {"content-type":"application/json; charset=UTF-8","vary":"X-Origin, Referer, Origin,Accept-Encoding","date":"Sat, 10 Oct 2020 11:31:58 GMT","server":"ESF","cache-control":"private","x-xss-protection":"0","x-frame-options":"SAMEORIGIN","x-content-type-options":"nosniff","alt-svc":"h3-Q050=\":443\"; ma=2592000,h3-29=\":443\"; ma=2592000,h3-27=\":443\"; ma=2592000,h3-T051=\":443\"; ma=2592000,h3-T050=\":443\"; ma=2592000,h3-Q046=\":443\"; ma=2592000,h3-Q043=\":443\"; ma=2592000,quic=\":443\"; ma=2592000; v=\"46,43\"","accept-ranges":"none","transfer-encoding":"chunked"}
[info] i  hosting: Serving hosting files from: build {"metadata":{"emulator":{"name":"hosting"},"message":"Serving hosting files from: \u001b[1mbuild\u001b[22m"}}
[info] ✔  hosting: Local server: http://localhost:5000 {"metadata":{"emulator":{"name":"hosting"},"message":"Local server: \u001b[4m\u001b[1mhttp://localhost:5000\u001b[22m\u001b[24m"}}
[debug] [2020-10-10T11:31:58.451Z] Ignoring unsupported arg: auto_download {"metadata":{"emulator":{"name":"ui"},"message":"Ignoring unsupported arg: auto_download"}}
[debug] [2020-10-10T11:31:58.452Z] Ignoring unsupported arg: port {"metadata":{"emulator":{"name":"ui"},"message":"Ignoring unsupported arg: port"}}
[debug] [2020-10-10T11:31:58.452Z] Starting Emulator UI with command {"binary":"node","args":["/home/ben/.cache/firebase/emulators/ui-v1.1.1/server.bundle.js"],"optionalArgs":[],"joinArgs":false} {"metadata":{"emulator":{"name":"ui"},"message":"Starting Emulator UI with command {\"binary\":\"node\",\"args\":[\"/home/ben/.cache/firebase/emulators/ui-v1.1.1/server.bundle.js\"],\"optionalArgs\":[],\"joinArgs\":false}"}}
[info] i  ui: Emulator UI logging to ui-debug.log {"metadata":{"emulator":{"name":"ui"},"message":"Emulator UI logging to \u001b[1mui-debug.log\u001b[22m"}}
[debug] [2020-10-10T11:31:58.976Z] Web / API server started at http://localhost:4000
 {"metadata":{"emulator":{"name":"ui"},"message":"Web / API server started at http://localhost:4000\n"}}
[info] i  functions: Watching "/home/ben/amazon-clone/functions" for Cloud Functions... {"metadata":{"emulator":{"name":"functions"},"message":"Watching \"/home/ben/amazon-clone/functions\" for Cloud Functions..."}}
[debug] [2020-10-10T11:31:59.120Z] [worker-pool] addWorker(~diagnostic~) {"metadata":{"emulator":{"name":"functions"},"message":"[worker-pool] addWorker(~diagnostic~)"}}
[debug] [2020-10-10T11:31:59.122Z] [worker-pool] Adding worker with key ~diagnostic~, total=1 {"metadata":{"emulator":{"name":"functions"},"message":"[worker-pool] Adding worker with key ~diagnostic~, total=1"}}
[debug] [2020-10-10T11:31:59.124Z] [worker-pool] submitWork(triggerId=) {"metadata":{"emulator":{"name":"functions"},"message":"[worker-pool] submitWork(triggerId=)"}}
[debug] [2020-10-10T11:31:59.125Z] [worker-~diagnostic~-e3182368-a719-41cd-9541-94ff4839489d]: Assigning socketPath: /tmp/fire_emu_25982.sock {"metadata":{"emulator":{"name":"functions"},"message":"[worker-~diagnostic~-e3182368-a719-41cd-9541-94ff4839489d]: Assigning socketPath: /tmp/fire_emu_25982.sock"}}
[debug] [2020-10-10T11:31:59.131Z] [worker-~diagnostic~-e3182368-a719-41cd-9541-94ff4839489d]: BUSY {"metadata":{"emulator":{"name":"functions"},"message":"[worker-~diagnostic~-e3182368-a719-41cd-9541-94ff4839489d]: BUSY"}}
[debug] [2020-10-10T11:32:00.631Z] [runtime-status] [25982] Functions runtime initialized. {"cwd":"/home/ben/amazon-clone/functions","node_version":"12.18.3"} {"metadata":{"emulator":{"name":"functions"},"message":"[runtime-status] [25982] Functions runtime initialized. {\"cwd\":\"/home/ben/amazon-clone/functions\",\"node_version\":\"12.18.3\"}"}}
[debug] [2020-10-10T11:32:00.673Z] [runtime-status] [25982] Disabled runtime features: undefined {"metadata":{"emulator":{"name":"functions"},"message":"[runtime-status] [25982] Disabled runtime features: undefined"}}
[debug] [2020-10-10T11:32:00.704Z] [runtime-status] [25982] Resolved module firebase-admin {"declared":true,"installed":true,"version":"8.13.0","resolution":"/home/ben/amazon-clone/functions/node_modules/firebase-admin/lib/index.js"} {"metadata":{"emulator":{"name":"functions"},"message":"[runtime-status] [25982] Resolved module firebase-admin {\"declared\":true,\"installed\":true,\"version\":\"8.13.0\",\"resolution\":\"/home/ben/amazon-clone/functions/node_modules/firebase-admin/lib/index.js\"}"}}
[debug] [2020-10-10T11:32:00.741Z] [runtime-status] [25982] Resolved module firebase-functions {"declared":true,"installed":true,"version":"3.11.0","resolution":"/home/ben/amazon-clone/functions/node_modules/firebase-functions/lib/index.js"} {"metadata":{"emulator":{"name":"functions"},"message":"[runtime-status] [25982] Resolved module firebase-functions {\"declared\":true,\"installed\":true,\"version\":\"3.11.0\",\"resolution\":\"/home/ben/amazon-clone/functions/node_modules/firebase-functions/lib/index.js\"}"}}
[debug] [2020-10-10T11:32:00.757Z] [runtime-status] [25982] Resolved module firebase-functions {"declared":true,"installed":true,"version":"3.11.0","resolution":"/home/ben/amazon-clone/functions/node_modules/firebase-functions/lib/index.js"} {"metadata":{"emulator":{"name":"functions"},"message":"[runtime-status] [25982] Resolved module firebase-functions {\"declared\":true,\"installed\":true,\"version\":\"3.11.0\",\"resolution\":\"/home/ben/amazon-clone/functions/node_modules/firebase-functions/lib/index.js\"}"}}
[debug] [2020-10-10T11:32:00.778Z] [runtime-status] [25982] Outgoing network have been stubbed. [{"name":"http","status":"mocked"},{"name":"http","status":"mocked"},{"name":"https","status":"mocked"},{"name":"https","status":"mocked"},{"name":"net","status":"mocked"}] {"metadata":{"emulator":{"name":"functions"},"message":"[runtime-status] [25982] Outgoing network have been stubbed. [{\"name\":\"http\",\"status\":\"mocked\"},{\"name\":\"http\",\"status\":\"mocked\"},{\"name\":\"https\",\"status\":\"mocked\"},{\"name\":\"https\",\"status\":\"mocked\"},{\"name\":\"net\",\"status\":\"mocked\"}]"}}
[debug] [2020-10-10T11:32:00.793Z] [runtime-status] [25982] Resolved module firebase-functions {"declared":true,"installed":true,"version":"3.11.0","resolution":"/home/ben/amazon-clone/functions/node_modules/firebase-functions/lib/index.js"} {"metadata":{"emulator":{"name":"functions"},"message":"[runtime-status] [25982] Resolved module firebase-functions {\"declared\":true,\"installed\":true,\"version\":\"3.11.0\",\"resolution\":\"/home/ben/amazon-clone/functions/node_modules/firebase-functions/lib/index.js\"}"}}
[debug] [2020-10-10T11:32:01.154Z] [runtime-status] [25982] Checked functions.config() {"config":{}} {"metadata":{"emulator":{"name":"functions"},"message":"[runtime-status] [25982] Checked functions.config() {\"config\":{}}"}}
[debug] [2020-10-10T11:32:01.159Z] [runtime-status] [25982] firebase-functions has been stubbed. {"functionsResolution":{"declared":true,"installed":true,"version":"3.11.0","resolution":"/home/ben/amazon-clone/functions/node_modules/firebase-functions/lib/index.js"}} {"metadata":{"emulator":{"name":"functions"},"message":"[runtime-status] [25982] firebase-functions has been stubbed. {\"functionsResolution\":{\"declared\":true,\"installed\":true,\"version\":\"3.11.0\",\"resolution\":\"/home/ben/amazon-clone/functions/node_modules/firebase-functions/lib/index.js\"}}"}}
[debug] [2020-10-10T11:32:01.186Z] [runtime-status] [25982] Resolved module firebase-functions {"declared":true,"installed":true,"version":"3.11.0","resolution":"/home/ben/amazon-clone/functions/node_modules/firebase-functions/lib/index.js"} {"metadata":{"emulator":{"name":"functions"},"message":"[runtime-status] [25982] Resolved module firebase-functions {\"declared\":true,\"installed\":true,\"version\":\"3.11.0\",\"resolution\":\"/home/ben/amazon-clone/functions/node_modules/firebase-functions/lib/index.js\"}"}}
[debug] [2020-10-10T11:32:01.197Z] [runtime-status] [25982] Resolved module firebase-admin {"declared":true,"installed":true,"version":"8.13.0","resolution":"/home/ben/amazon-clone/functions/node_modules/firebase-admin/lib/index.js"} {"metadata":{"emulator":{"name":"functions"},"message":"[runtime-status] [25982] Resolved module firebase-admin {\"declared\":true,\"installed\":true,\"version\":\"8.13.0\",\"resolution\":\"/home/ben/amazon-clone/functions/node_modules/firebase-admin/lib/index.js\"}"}}
[debug] [2020-10-10T11:32:01.207Z] [runtime-status] [25982] Resolved module firebase-functions {"declared":true,"installed":true,"version":"3.11.0","resolution":"/home/ben/amazon-clone/functions/node_modules/firebase-functions/lib/index.js"} {"metadata":{"emulator":{"name":"functions"},"message":"[runtime-status] [25982] Resolved module firebase-functions {\"declared\":true,\"installed\":true,\"version\":\"3.11.0\",\"resolution\":\"/home/ben/amazon-clone/functions/node_modules/firebase-functions/lib/index.js\"}"}}
[debug] [2020-10-10T11:32:01.215Z] [runtime-status] [25982] firebase-admin has been stubbed. {"adminResolution":{"declared":true,"installed":true,"version":"8.13.0","resolution":"/home/ben/amazon-clone/functions/node_modules/firebase-admin/lib/index.js"}} {"metadata":{"emulator":{"name":"functions"},"message":"[runtime-status] [25982] firebase-admin has been stubbed. {\"adminResolution\":{\"declared\":true,\"installed\":true,\"version\":\"8.13.0\",\"resolution\":\"/home/ben/amazon-clone/functions/node_modules/firebase-admin/lib/index.js\"}}"}}
[info] ✔  functions[api]: http function initialized (http://localhost:5001/clone-79c84/us-central1/api). {"metadata":{"emulator":{"name":"functions"},"message":"\u001b[1mhttp\u001b[22m function initialized (http://localhost:5001/clone-79c84/us-central1/api)."}}
[info] 
┌───────────────────────────────────────────────────────────────────────┐
│ ✔  All emulators ready! View status and logs at http://localhost:4000 │
└───────────────────────────────────────────────────────────────────────┘

┌───────────┬────────────────┬─────────────────────────────────┐
│ Emulator  │ Host:Port      │ View in Emulator UI             │
├───────────┼────────────────┼─────────────────────────────────┤
│ Functions │ localhost:5001 │ http://localhost:4000/functions │
├───────────┼────────────────┼─────────────────────────────────┤
│ Hosting   │ localhost:5000 │ n/a                             │
└───────────┴────────────────┴─────────────────────────────────┘
  Other reserved ports: 4400, 4500

Issues? Report them at https://github.com/firebase/firebase-tools/issues and attach the *-debug.log files.
 
[debug] [2020-10-10T11:32:02.838Z] [worker-~diagnostic~-e3182368-a719-41cd-9541-94ff4839489d]: IDLE {"metadata":{"emulator":{"name":"functions"},"message":"[worker-~diagnostic~-e3182368-a719-41cd-9541-94ff4839489d]: IDLE"}}
[debug] [2020-10-10T11:33:26.380Z] Functions emulator received unknown request at path /
[debug] [2020-10-10T11:33:27.457Z] Functions emulator received unknown request at path /favicon.ico
[info] i  hosting: 127.0.0.1 - - [10/Oct/2020:11:34:11 +0000] "GET / HTTP/1.1" 200 2231 "-" "Mozilla/5.0 (X11; Linux x86_64) AppleWebKit/537.36 (KHTML, like Gecko) Chrome/86.0.4240.75 Safari/537.36" {"metadata":{"emulator":{"name":"hosting"},"message":"127.0.0.1 - - [10/Oct/2020:11:34:11 +0000] \"GET / HTTP/1.1\" 200 2231 \"-\" \"Mozilla/5.0 (X11; Linux x86_64) AppleWebKit/537.36 (KHTML, like Gecko) Chrome/86.0.4240.75 Safari/537.36\""}}
[info] i  hosting: 127.0.0.1 - - [10/Oct/2020:11:34:11 +0000] "GET /static/css/main.4de25c74.chunk.css HTTP/1.1" 200 3691 "http://localhost:5000/" "Mozilla/5.0 (X11; Linux x86_64) AppleWebKit/537.36 (KHTML, like Gecko) Chrome/86.0.4240.75 Safari/537.36" {"metadata":{"emulator":{"name":"hosting"},"message":"127.0.0.1 - - [10/Oct/2020:11:34:11 +0000] \"GET /static/css/main.4de25c74.chunk.css HTTP/1.1\" 200 3691 \"http://localhost:5000/\" \"Mozilla/5.0 (X11; Linux x86_64) AppleWebKit/537.36 (KHTML, like Gecko) Chrome/86.0.4240.75 Safari/537.36\""}}
[info] i  hosting: 127.0.0.1 - - [10/Oct/2020:11:34:12 +0000] "GET /static/js/2.4e8b406f.chunk.js HTTP/1.1" 200 1041982 "http://localhost:5000/" "Mozilla/5.0 (X11; Linux x86_64) AppleWebKit/537.36 (KHTML, like Gecko) Chrome/86.0.4240.75 Safari/537.36" {"metadata":{"emulator":{"name":"hosting"},"message":"127.0.0.1 - - [10/Oct/2020:11:34:12 +0000] \"GET /static/js/2.4e8b406f.chunk.js HTTP/1.1\" 200 1041982 \"http://localhost:5000/\" \"Mozilla/5.0 (X11; Linux x86_64) AppleWebKit/537.36 (KHTML, like Gecko) Chrome/86.0.4240.75 Safari/537.36\""}}
[info] i  hosting: 127.0.0.1 - - [10/Oct/2020:11:34:12 +0000] "GET /static/js/main.6d18bc53.chunk.js HTTP/1.1" 200 49112 "http://localhost:5000/" "Mozilla/5.0 (X11; Linux x86_64) AppleWebKit/537.36 (KHTML, like Gecko) Chrome/86.0.4240.75 Safari/537.36" {"metadata":{"emulator":{"name":"hosting"},"message":"127.0.0.1 - - [10/Oct/2020:11:34:12 +0000] \"GET /static/js/main.6d18bc53.chunk.js HTTP/1.1\" 200 49112 \"http://localhost:5000/\" \"Mozilla/5.0 (X11; Linux x86_64) AppleWebKit/537.36 (KHTML, like Gecko) Chrome/86.0.4240.75 Safari/537.36\""}}
[info] i  hosting: 127.0.0.1 - - [10/Oct/2020:11:34:15 +0000] "GET /manifest.json HTTP/1.1" 200 492 "http://localhost:5000/" "Mozilla/5.0 (X11; Linux x86_64) AppleWebKit/537.36 (KHTML, like Gecko) Chrome/86.0.4240.75 Safari/537.36" {"metadata":{"emulator":{"name":"hosting"},"message":"127.0.0.1 - - [10/Oct/2020:11:34:15 +0000] \"GET /manifest.json HTTP/1.1\" 200 492 \"http://localhost:5000/\" \"Mozilla/5.0 (X11; Linux x86_64) AppleWebKit/537.36 (KHTML, like Gecko) Chrome/86.0.4240.75 Safari/537.36\""}}
[info] i  hosting: 127.0.0.1 - - [10/Oct/2020:11:34:15 +0000] "GET /logo192.png HTTP/1.1" 200 5347 "http://localhost:5000/" "Mozilla/5.0 (X11; Linux x86_64) AppleWebKit/537.36 (KHTML, like Gecko) Chrome/86.0.4240.75 Safari/537.36" {"metadata":{"emulator":{"name":"hosting"},"message":"127.0.0.1 - - [10/Oct/2020:11:34:15 +0000] \"GET /logo192.png HTTP/1.1\" 200 5347 \"http://localhost:5000/\" \"Mozilla/5.0 (X11; Linux x86_64) AppleWebKit/537.36 (KHTML, like Gecko) Chrome/86.0.4240.75 Safari/537.36\""}}
[debug] [2020-10-10T11:34:44.511Z] [work-queue] {"queueLength":1,"workRunningCount":0}
[debug] [2020-10-10T11:34:44.513Z] [work-queue] {"queueLength":0,"workRunningCount":1}
[debug] [2020-10-10T11:34:44.514Z] Accepted request GET /clone-79c84/us-central1/api --> api
[debug] [2020-10-10T11:34:44.536Z] [worker-pool] addWorker(api) {"metadata":{"emulator":{"name":"functions"},"message":"[worker-pool] addWorker(api)"}}
[debug] [2020-10-10T11:34:44.537Z] [worker-pool] Adding worker with key api, total=1 {"metadata":{"emulator":{"name":"functions"},"message":"[worker-pool] Adding worker with key api, total=1"}}
[debug] [2020-10-10T11:34:44.537Z] [worker-pool] submitWork(triggerId=api) {"metadata":{"emulator":{"name":"functions"},"message":"[worker-pool] submitWork(triggerId=api)"}}
[debug] [2020-10-10T11:34:44.543Z] [worker-api-02e7d3f0-ec7d-425e-ae44-93b4a533312a]: Assigning socketPath: /tmp/fire_emu_26335.sock {"metadata":{"emulator":{"name":"functions"},"message":"[worker-api-02e7d3f0-ec7d-425e-ae44-93b4a533312a]: Assigning socketPath: /tmp/fire_emu_26335.sock"}}
[debug] [2020-10-10T11:34:44.543Z] [worker-api-02e7d3f0-ec7d-425e-ae44-93b4a533312a]: BUSY {"metadata":{"emulator":{"name":"functions"},"message":"[worker-api-02e7d3f0-ec7d-425e-ae44-93b4a533312a]: BUSY"}}
[debug] [2020-10-10T11:34:45.775Z] [runtime-status] [26335] Functions runtime initialized. {"cwd":"/home/ben/amazon-clone/functions","node_version":"12.18.3"} {"metadata":{"emulator":{"name":"functions"},"function":{"name":"api"},"message":"[runtime-status] [26335] Functions runtime initialized. {\"cwd\":\"/home/ben/amazon-clone/functions\",\"node_version\":\"12.18.3\"}"}}
[debug] [2020-10-10T11:34:45.808Z] [runtime-status] [26335] Disabled runtime features: undefined {"metadata":{"emulator":{"name":"functions"},"function":{"name":"api"},"message":"[runtime-status] [26335] Disabled runtime features: undefined"}}
[debug] [2020-10-10T11:34:45.836Z] [runtime-status] [26335] Resolved module firebase-admin {"declared":true,"installed":true,"version":"8.13.0","resolution":"/home/ben/amazon-clone/functions/node_modules/firebase-admin/lib/index.js"} {"metadata":{"emulator":{"name":"functions"},"function":{"name":"api"},"message":"[runtime-status] [26335] Resolved module firebase-admin {\"declared\":true,\"installed\":true,\"version\":\"8.13.0\",\"resolution\":\"/home/ben/amazon-clone/functions/node_modules/firebase-admin/lib/index.js\"}"}}
[debug] [2020-10-10T11:34:45.841Z] [runtime-status] [26335] Resolved module firebase-functions {"declared":true,"installed":true,"version":"3.11.0","resolution":"/home/ben/amazon-clone/functions/node_modules/firebase-functions/lib/index.js"} {"metadata":{"emulator":{"name":"functions"},"function":{"name":"api"},"message":"[runtime-status] [26335] Resolved module firebase-functions {\"declared\":true,\"installed\":true,\"version\":\"3.11.0\",\"resolution\":\"/home/ben/amazon-clone/functions/node_modules/firebase-functions/lib/index.js\"}"}}
[debug] [2020-10-10T11:34:45.859Z] [runtime-status] [26335] Resolved module firebase-functions {"declared":true,"installed":true,"version":"3.11.0","resolution":"/home/ben/amazon-clone/functions/node_modules/firebase-functions/lib/index.js"} {"metadata":{"emulator":{"name":"functions"},"function":{"name":"api"},"message":"[runtime-status] [26335] Resolved module firebase-functions {\"declared\":true,\"installed\":true,\"version\":\"3.11.0\",\"resolution\":\"/home/ben/amazon-clone/functions/node_modules/firebase-functions/lib/index.js\"}"}}
[debug] [2020-10-10T11:34:45.860Z] [runtime-status] [26335] Outgoing network have been stubbed. [{"name":"http","status":"mocked"},{"name":"http","status":"mocked"},{"name":"https","status":"mocked"},{"name":"https","status":"mocked"},{"name":"net","status":"mocked"}] {"metadata":{"emulator":{"name":"functions"},"function":{"name":"api"},"message":"[runtime-status] [26335] Outgoing network have been stubbed. [{\"name\":\"http\",\"status\":\"mocked\"},{\"name\":\"http\",\"status\":\"mocked\"},{\"name\":\"https\",\"status\":\"mocked\"},{\"name\":\"https\",\"status\":\"mocked\"},{\"name\":\"net\",\"status\":\"mocked\"}]"}}
[debug] [2020-10-10T11:34:45.879Z] [runtime-status] [26335] Resolved module firebase-functions {"declared":true,"installed":true,"version":"3.11.0","resolution":"/home/ben/amazon-clone/functions/node_modules/firebase-functions/lib/index.js"} {"metadata":{"emulator":{"name":"functions"},"function":{"name":"api"},"message":"[runtime-status] [26335] Resolved module firebase-functions {\"declared\":true,\"installed\":true,\"version\":\"3.11.0\",\"resolution\":\"/home/ben/amazon-clone/functions/node_modules/firebase-functions/lib/index.js\"}"}}
[debug] [2020-10-10T11:34:46.036Z] [runtime-status] [26335] Checked functions.config() {"config":{}} {"metadata":{"emulator":{"name":"functions"},"function":{"name":"api"},"message":"[runtime-status] [26335] Checked functions.config() {\"config\":{}}"}}
[debug] [2020-10-10T11:34:46.037Z] [runtime-status] [26335] firebase-functions has been stubbed. {"functionsResolution":{"declared":true,"installed":true,"version":"3.11.0","resolution":"/home/ben/amazon-clone/functions/node_modules/firebase-functions/lib/index.js"}} {"metadata":{"emulator":{"name":"functions"},"function":{"name":"api"},"message":"[runtime-status] [26335] firebase-functions has been stubbed. {\"functionsResolution\":{\"declared\":true,\"installed\":true,\"version\":\"3.11.0\",\"resolution\":\"/home/ben/amazon-clone/functions/node_modules/firebase-functions/lib/index.js\"}}"}}
[debug] [2020-10-10T11:34:46.048Z] [runtime-status] [26335] Resolved module firebase-functions {"declared":true,"installed":true,"version":"3.11.0","resolution":"/home/ben/amazon-clone/functions/node_modules/firebase-functions/lib/index.js"} {"metadata":{"emulator":{"name":"functions"},"function":{"name":"api"},"message":"[runtime-status] [26335] Resolved module firebase-functions {\"declared\":true,\"installed\":true,\"version\":\"3.11.0\",\"resolution\":\"/home/ben/amazon-clone/functions/node_modules/firebase-functions/lib/index.js\"}"}}
[debug] [2020-10-10T11:34:46.055Z] [runtime-status] [26335] Resolved module firebase-admin {"declared":true,"installed":true,"version":"8.13.0","resolution":"/home/ben/amazon-clone/functions/node_modules/firebase-admin/lib/index.js"} {"metadata":{"emulator":{"name":"functions"},"function":{"name":"api"},"message":"[runtime-status] [26335] Resolved module firebase-admin {\"declared\":true,\"installed\":true,\"version\":\"8.13.0\",\"resolution\":\"/home/ben/amazon-clone/functions/node_modules/firebase-admin/lib/index.js\"}"}}
[debug] [2020-10-10T11:34:46.055Z] [runtime-status] [26335] Resolved module firebase-functions {"declared":true,"installed":true,"version":"3.11.0","resolution":"/home/ben/amazon-clone/functions/node_modules/firebase-functions/lib/index.js"} {"metadata":{"emulator":{"name":"functions"},"function":{"name":"api"},"message":"[runtime-status] [26335] Resolved module firebase-functions {\"declared\":true,\"installed\":true,\"version\":\"3.11.0\",\"resolution\":\"/home/ben/amazon-clone/functions/node_modules/firebase-functions/lib/index.js\"}"}}
[debug] [2020-10-10T11:34:46.056Z] [runtime-status] [26335] firebase-admin has been stubbed. {"adminResolution":{"declared":true,"installed":true,"version":"8.13.0","resolution":"/home/ben/amazon-clone/functions/node_modules/firebase-admin/lib/index.js"}} {"metadata":{"emulator":{"name":"functions"},"function":{"name":"api"},"message":"[runtime-status] [26335] firebase-admin has been stubbed. {\"adminResolution\":{\"declared\":true,\"installed\":true,\"version\":\"8.13.0\",\"resolution\":\"/home/ben/amazon-clone/functions/node_modules/firebase-admin/lib/index.js\"}}"}}
[debug] [2020-10-10T11:34:46.475Z] [runtime-status] [26335] Trigger "api" has been found, beginning invocation! {"metadata":{"emulator":{"name":"functions"},"function":{"name":"api"},"message":"[runtime-status] [26335] Trigger \"api\" has been found, beginning invocation!"}}
[info] i  functions: Beginning execution of "api" {"metadata":{"emulator":{"name":"functions"},"function":{"name":"api"},"message":"Beginning execution of \"api\""}}
[debug] [2020-10-10T11:34:46.482Z] [runtime-status] [26335] triggerDefinition {"httpsTrigger":{},"name":"api","entryPoint":"api"} {"metadata":{"emulator":{"name":"functions"},"function":{"name":"api"},"message":"[runtime-status] [26335] triggerDefinition {\"httpsTrigger\":{},\"name\":\"api\",\"entryPoint\":\"api\"}"}}
[debug] [2020-10-10T11:34:46.486Z] [runtime-status] [26335] Running api in mode HTTPS {"metadata":{"emulator":{"name":"functions"},"function":{"name":"api"},"message":"[runtime-status] [26335] Running api in mode HTTPS"}}
[debug] [2020-10-10T11:34:46.513Z] [runtime-status] [26335] Attempting to listen to socketPath: /tmp/fire_emu_26335.sock {"metadata":{"emulator":{"name":"functions"},"function":{"name":"api"},"message":"[runtime-status] [26335] Attempting to listen to socketPath: /tmp/fire_emu_26335.sock"}}
[debug] [2020-10-10T11:34:46.543Z] [functions] Runtime ready! Sending request! {"metadata":{"emulator":{"name":"functions"},"message":"[functions] Runtime ready! Sending request!"}}
[debug] [2020-10-10T11:34:46.627Z] [runtime-status] [26335] Ephemeral server handling GET request {"metadata":{"emulator":{"name":"functions"},"function":{"name":"api"},"message":"[runtime-status] [26335] Ephemeral server handling GET request"}}
[debug] [2020-10-10T11:34:46.668Z] [runtime-status] [26335] Ephemeral server survived. {"metadata":{"emulator":{"name":"functions"},"function":{"name":"api"},"message":"[runtime-status] [26335] Ephemeral server survived."}}
[info] i  functions: Finished "api" in ~1s {"metadata":{"emulator":{"name":"functions"},"function":{"name":"api"},"message":"Finished \"api\" in ~1s"}}
[debug] [2020-10-10T11:34:46.679Z] [worker-api-02e7d3f0-ec7d-425e-ae44-93b4a533312a]: IDLE {"metadata":{"emulator":{"name":"functions"},"message":"[worker-api-02e7d3f0-ec7d-425e-ae44-93b4a533312a]: IDLE"}}
[debug] [2020-10-10T11:34:46.680Z] [work-queue] {"queueLength":0,"workRunningCount":0}
[debug] [2020-10-10T12:05:51.642Z] [work-queue] {"queueLength":1,"workRunningCount":0}
[debug] [2020-10-10T12:05:51.642Z] [work-queue] {"queueLength":0,"workRunningCount":1}
[debug] [2020-10-10T12:05:51.643Z] Accepted request POST /clone-79c84/us-central1/api/payments/create?total=26998 --> api
[debug] [2020-10-10T12:05:51.645Z] [worker-pool] submitWork(triggerId=api) {"metadata":{"emulator":{"name":"functions"},"message":"[worker-pool] submitWork(triggerId=api)"}}
[debug] [2020-10-10T12:05:51.645Z] [worker-api-02e7d3f0-ec7d-425e-ae44-93b4a533312a]: Assigning socketPath: /tmp/fire_emu_26335.sock {"metadata":{"emulator":{"name":"functions"},"message":"[worker-api-02e7d3f0-ec7d-425e-ae44-93b4a533312a]: Assigning socketPath: /tmp/fire_emu_26335.sock"}}
[debug] [2020-10-10T12:05:51.646Z] [worker-api-02e7d3f0-ec7d-425e-ae44-93b4a533312a]: BUSY {"metadata":{"emulator":{"name":"functions"},"message":"[worker-api-02e7d3f0-ec7d-425e-ae44-93b4a533312a]: BUSY"}}
[debug] [2020-10-10T12:05:51.654Z] [runtime-status] [26335] Trigger "api" has been found, beginning invocation! {"metadata":{"emulator":{"name":"functions"},"function":{"name":"api"},"message":"[runtime-status] [26335] Trigger \"api\" has been found, beginning invocation!"}}
[info] i  functions: Beginning execution of "api" {"metadata":{"emulator":{"name":"functions"},"function":{"name":"api"},"message":"Beginning execution of \"api\""}}
[debug] [2020-10-10T12:05:51.658Z] [runtime-status] [26335] triggerDefinition {"httpsTrigger":{},"name":"api","entryPoint":"api"} {"metadata":{"emulator":{"name":"functions"},"function":{"name":"api"},"message":"[runtime-status] [26335] triggerDefinition {\"httpsTrigger\":{},\"name\":\"api\",\"entryPoint\":\"api\"}"}}
[debug] [2020-10-10T12:05:51.658Z] [runtime-status] [26335] Running api in mode HTTPS {"metadata":{"emulator":{"name":"functions"},"function":{"name":"api"},"message":"[runtime-status] [26335] Running api in mode HTTPS"}}
[debug] [2020-10-10T12:05:51.658Z] [runtime-status] [26335] Attempting to listen to socketPath: /tmp/fire_emu_26335.sock {"metadata":{"emulator":{"name":"functions"},"function":{"name":"api"},"message":"[runtime-status] [26335] Attempting to listen to socketPath: /tmp/fire_emu_26335.sock"}}
[debug] [2020-10-10T12:05:51.661Z] [functions] Runtime ready! Sending request! {"metadata":{"emulator":{"name":"functions"},"message":"[functions] Runtime ready! Sending request!"}}
[debug] [2020-10-10T12:05:51.706Z] [runtime-status] [26335] Ephemeral server handling POST request {"metadata":{"emulator":{"name":"functions"},"function":{"name":"api"},"message":"[runtime-status] [26335] Ephemeral server handling POST request"}}
[info] >  Payment request received for this amount:  26998 {"user":"Payment request received for this amount:  26998","metadata":{"emulator":{"name":"functions"},"function":{"name":"api"},"message":"\u001b[90m> \u001b[39m Payment request received for this amount:  26998"}}
[debug] [2020-10-10T12:05:51.773Z] [runtime-status] [26335] Ephemeral server survived. {"metadata":{"emulator":{"name":"functions"},"function":{"name":"api"},"message":"[runtime-status] [26335] Ephemeral server survived."}}
[info] i  functions: Finished "api" in ~1s {"metadata":{"emulator":{"name":"functions"},"function":{"name":"api"},"message":"Finished \"api\" in ~1s"}}
[debug] [2020-10-10T12:05:52.526Z] [worker-api-02e7d3f0-ec7d-425e-ae44-93b4a533312a]: IDLE {"metadata":{"emulator":{"name":"functions"},"message":"[worker-api-02e7d3f0-ec7d-425e-ae44-93b4a533312a]: IDLE"}}
[debug] [2020-10-10T12:05:52.527Z] [work-queue] {"queueLength":0,"workRunningCount":0}
